Arguments: 
  /Users/yizhou1/.nvm/versions/node/v18.17.0/bin/node /Users/yizhou1/.cache/node/corepack/yarn/1.22.19/bin/yarn.js install --silent

PATH: 
  /Users/yizhou1/Library/Python/3.9/bin:/opt/homebrew/bin:/opt/homebrew/sbin:/Users/yizhou1/.nvm/versions/node/v18.17.0/bin:/usr/local/bin:/usr/bin:/bin:/usr/sbin:/sbin:/usr/local/mysql/bin:/opt/podman/bin:/Library/Apple/usr/bin:/Users/yizhou1/.cabal/bin:/Users/yizhou1/.ghcup/bin:/Users/yizhou1/Library/Python/3.9/bin:/opt/homebrew/bin:/opt/homebrew/sbin:/Users/yizhou1/.nvm/versions/node/v18.17.0/bin:/Users/yizhou1/flutter/bin:/Users/yizhou1/flutter/.pub-cache/bin:/Users/yizhou1/.pub-cache/bin:/Users/yizhou1/flutter/bin:/Users/yizhou1/flutter/.pub-cache/bin:/Users/yizhou1/.pub-cache/bin

Yarn version: 
  1.22.19

Node version: 
  18.17.0

Platform: 
  darwin arm64

Trace: 
  Error: https://registry.yarnpkg.com/@nestjs%2fcommon: ETIMEDOUT
      at Timeout._onTimeout (/Users/yizhou1/.cache/node/corepack/yarn/1.22.19/lib/cli.js:141550:19)
      at listOnTimeout (node:internal/timers:569:17)
      at process.processTimers (node:internal/timers:512:7)

npm manifest: 
  {
    "name": "server",
    "version": "0.0.1",
    "description": "",
    "author": "",
    "private": true,
    "license": "UNLICENSED",
    "scripts": {
      "build": "nest build",
      "format": "prettier --write \"src/**/*.ts\" \"test/**/*.ts\"",
      "start": "nest start",
      "start:dev": "nest start --watch",
      "start:debug": "nest start --debug --watch",
      "start:prod": "node dist/main",
      "lint": "eslint \"{src,apps,libs,test}/**/*.ts\" --fix",
      "test": "jest",
      "test:watch": "jest --watch",
      "test:cov": "jest --coverage",
      "test:debug": "node --inspect-brk -r tsconfig-paths/register -r ts-node/register node_modules/.bin/jest --runInBand",
      "test:e2e": "jest --config ./test/jest-e2e.json"
    },
    "dependencies": {
      "@nestjs/common": "^9.0.0",
      "@nestjs/core": "^9.0.0",
      "@nestjs/platform-express": "^9.0.0",
      "reflect-metadata": "^0.1.13",
      "rxjs": "^7.2.0"
    },
    "devDependencies": {
      "@nestjs/cli": "^9.0.0",
      "@nestjs/schematics": "^9.0.0",
      "@nestjs/testing": "^9.0.0",
      "@types/express": "^4.17.13",
      "@types/jest": "29.5.1",
      "@types/node": "18.16.12",
      "@types/supertest": "^2.0.11",
      "@typescript-eslint/eslint-plugin": "^5.0.0",
      "@typescript-eslint/parser": "^5.0.0",
      "eslint": "^8.0.1",
      "eslint-config-prettier": "^8.3.0",
      "eslint-plugin-prettier": "^4.0.0",
      "jest": "29.5.0",
      "prettier": "^2.3.2",
      "source-map-support": "^0.5.20",
      "supertest": "^6.1.3",
      "ts-jest": "29.1.0",
      "ts-loader": "^9.2.3",
      "ts-node": "^10.0.0",
      "tsconfig-paths": "4.2.0",
      "typescript": "^5.0.0"
    },
    "jest": {
      "moduleFileExtensions": [
        "js",
        "json",
        "ts"
      ],
      "rootDir": "src",
      "testRegex": ".*\\.spec\\.ts$",
      "transform": {
        "^.+\\.(t|j)s$": "ts-jest"
      },
      "collectCoverageFrom": [
        "**/*.(t|j)s"
      ],
      "coverageDirectory": "../coverage",
      "testEnvironment": "node"
    }
  }

yarn manifest: 
  No manifest

Lockfile: 
  No lockfile
